Error creating database: Can't create database 'bc_db'; database existsError creating table: Table 'TICKER' already exists
New record created successfully
High:16120, Created on: 2017-09-13 15:51:27
New record created successfully
High:16120, Created on: 2017-09-13 15:51:43
New record created successfully
High:16120, Created on: 2017-09-13 15:53:30
New record created successfully
High:16120, Created on: 2017-09-13 15:54:26
New record created successfully
High:16120, Created on: 2017-09-13 15:55:16
New record created successfully
High:16120, Created on: 2017-09-13 15:56:26
New record created successfully
High:16120, Created on: 2017-09-13 15:57:03
New record created successfully
High:16120, Created on: 2017-09-13 15:58:21
Error: INSERT INTO TICKER (high, low, vol, last, buy, date)
            VALUES(, , , , , )<br>You have an error in your SQL syntax; check the manual that corresponds to your MySQL server version for the right syntax to use near ' , , , , )' at line 2
High:, Created on: 1970-01-01 00:00:00
New record created successfully
High:16120, Created on: 2017-09-13 16:00:41
New record created successfully
High:16120, Created on: 2017-09-13 16:01:50
New record created successfully
High:16120, Created on: 2017-09-13 16:02:45
New record created successfully
High:16120, Created on: 2017-09-13 16:03:32
New record created successfully
High:16120, Created on: 2017-09-13 16:04:58
New record created successfully
High:16120, Created on: 2017-09-13 16:05:56
New record created successfully
High:16120, Created on: 2017-09-13 16:06:19
New record created successfully
High:16120, Created on: 2017-09-13 16:07:52
New record created successfully
High:16120, Created on: 2017-09-13 16:08:34
New record created successfully
High:16120, Created on: 2017-09-13 16:09:39
New record created successfully
High:16120, Created on: 2017-09-13 16:10:59
New record created successfully
High:16120, Created on: 2017-09-13 16:11:25
New record created successfully
High:16099.99999, Created on: 2017-09-13 16:12:44
New record created successfully
High:16002, Created on: 2017-09-13 16:14:01
New record created successfully
High:16002, Created on: 2017-09-13 16:14:01
New record created successfully
High:15995.33797, Created on: 2017-09-13 16:15:48
New record created successfully
High:15995, Created on: 2017-09-13 16:16:40
New record created successfully
High:15979.98994, Created on: 2017-09-13 16:17:57
New record created successfully
High:15979.98994, Created on: 2017-09-13 16:17:57
New record created successfully
High:15978.99994, Created on: 2017-09-13 16:19:05
New record created successfully
High:15949.9999, Created on: 2017-09-13 16:20:47
New record created successfully
High:15949.9999, Created on: 2017-09-13 16:21:50
New record created successfully
High:15949.9999, Created on: 2017-09-13 16:22:32
New record created successfully
High:15949.9999, Created on: 2017-09-13 16:24:06
New record created successfully
High:15949.9999, Created on: 2017-09-13 16:25:02
New record created successfully
High:15790.304, Created on: 2017-09-13 16:26:00
New record created successfully
High:15790.304, Created on: 2017-09-13 16:26:20
New record created successfully
High:15790, Created on: 2017-09-13 16:28:01
New record created successfully
High:15790, Created on: 2017-09-13 16:28:27
New record created successfully
High:15790, Created on: 2017-09-13 16:30:03
New record created successfully
High:15790, Created on: 2017-09-13 16:31:00
New record created successfully
High:15790, Created on: 2017-09-13 16:32:06
New record created successfully
High:15790, Created on: 2017-09-13 16:32:57
New record created successfully
High:15790, Created on: 2017-09-13 16:34:03
New record created successfully
High:15790, Created on: 2017-09-13 16:35:11
New record created successfully
High:15790, Created on: 2017-09-13 16:36:13
New record created successfully
High:15790, Created on: 2017-09-13 16:36:52
New record created successfully
High:15790, Created on: 2017-09-13 16:38:14
New record created successfully
High:15790, Created on: 2017-09-13 16:39:05
New record created successfully
High:15770, Created on: 2017-09-13 16:39:56
New record created successfully
High:15770, Created on: 2017-09-13 16:41:14
New record created successfully
High:15770, Created on: 2017-09-13 16:42:04
New record created successfully
High:15770, Created on: 2017-09-13 16:42:50
New record created successfully
High:15770, Created on: 2017-09-13 16:44:11
New record created successfully
High:15770, Created on: 2017-09-13 16:45:20
Error: INSERT INTO TICKER (high, low, vol, last, buy, date)
            VALUES(, , , , , )<br>You have an error in your SQL syntax; check the manual that corresponds to your MySQL server version for the right syntax to use near ' , , , , )' at line 2
High:, Created on: 1970-01-01 00:00:00
New record created successfully
High:15770, Created on: 2017-09-13 16:48:22
New record created successfully
High:15770, Created on: 2017-09-13 16:49:37
New record created successfully
High:15770, Created on: 2017-09-13 16:50:03
New record created successfully
High:15770, Created on: 2017-09-13 16:51:35
New record created successfully
High:15770, Created on: 2017-09-13 16:52:41
New record created successfully
High:15770, Created on: 2017-09-13 16:53:57
New record created successfully
High:15770, Created on: 2017-09-13 16:54:48
New record created successfully
High:15770, Created on: 2017-09-13 16:55:41
New record created successfully
High:15770, Created on: 2017-09-13 16:56:36
New record created successfully
High:15770, Created on: 2017-09-13 16:57:43
New record created successfully
High:15770, Created on: 2017-09-13 16:58:45
New record created successfully
High:15770, Created on: 2017-09-13 16:59:24
New record created successfully
High:15770, Created on: 2017-09-13 17:00:46
New record created successfully
High:15770, Created on: 2017-09-13 17:01:57
New record created successfully
High:15770, Created on: 2017-09-13 17:02:57
New record created successfully
High:15770, Created on: 2017-09-13 17:03:47
New record created successfully
High:15770, Created on: 2017-09-13 17:04:20
New record created successfully
High:15770, Created on: 2017-09-13 17:05:40
New record created successfully
High:15770, Created on: 2017-09-13 17:06:46
New record created successfully
High:15770, Created on: 2017-09-13 17:07:45
New record created successfully
High:15770, Created on: 2017-09-13 17:08:57
New record created successfully
High:15770, Created on: 2017-09-13 17:09:39
New record created successfully
High:15770, Created on: 2017-09-13 17:10:42
New record created successfully
High:15770, Created on: 2017-09-13 17:12:04
New record created successfully
High:15769.89999, Created on: 2017-09-13 17:12:50
New record created successfully
High:15769.89999, Created on: 2017-09-13 17:13:56
New record created successfully
High:15767.99999, Created on: 2017-09-13 17:15:08
New record created successfully
High:15767.99999, Created on: 2017-09-13 17:15:13
New record created successfully
High:15689, Created on: 2017-09-13 17:17:06
New record created successfully
High:15689, Created on: 2017-09-13 17:18:10
New record created successfully
High:15689, Created on: 2017-09-13 17:18:39
New record created successfully
High:15689, Created on: 2017-09-13 17:20:01
New record created successfully
High:15689, Created on: 2017-09-13 17:20:35
New record created successfully
High:15689, Created on: 2017-09-13 17:21:48
New record created successfully
High:15689, Created on: 2017-09-13 17:23:05
New record created successfully
High:15689, Created on: 2017-09-13 17:23:50
New record created successfully
High:15689, Created on: 2017-09-13 17:24:53
New record created successfully
High:15689, Created on: 2017-09-13 17:26:01
New record created successfully
High:15689, Created on: 2017-09-13 17:26:44
